<?xml version="1.0" encoding="UTF-8"?>
<!-- Generated by org.testng.reporters.JUnitReportReporter -->
<testsuite hostname="DESKTOP-79O1F96" failures="0" tests="1" name="git_abc.Demo1" time="10.633" errors="0" timestamp="2023-03-13T20:52:44 IST" skipped="0">
  <testcase classname="git_abc.Demo1" name="test1" time="10.633"/>
  <system-out/>
</testsuite> <!-- git_abc.Demo1 -->
