<?xml version="1.0" encoding="UTF-8"?>
<!-- Generated by org.testng.reporters.JUnitReportReporter -->
<testsuite hostname="DESKTOP-79O1F96" failures="0" tests="1" name="git_abc.Demo2" time="0.001" errors="0" timestamp="2023-03-10T20:02:32 IST" skipped="0">
  <testcase classname="git_abc.Demo2" name="abc" time="0.001"/>
  <system-out/>
</testsuite> <!-- git_abc.Demo2 -->
